  PID TTY          TIME CMD
    1 ?        00:00:01 systemd
    2 ?        00:00:00 kthreadd
    4 ?        00:00:00 kworker/0:0H
    6 ?        00:00:00 ksoftirqd/0
    7 ?        00:00:02 rcu_sched
    8 ?        00:00:00 rcu_bh
    9 ?        00:00:00 migration/0
   10 ?        00:00:00 lru-add-drain
   11 ?        00:00:00 watchdog/0
   12 ?        00:00:00 cpuhp/0
   13 ?        00:00:00 cpuhp/1
   14 ?        00:00:00 watchdog/1
   15 ?        00:00:00 migration/1
   16 ?        00:00:00 ksoftirqd/1
   18 ?        00:00:00 kworker/1:0H
   19 ?        00:00:00 cpuhp/2
   20 ?        00:00:00 watchdog/2
   21 ?        00:00:00 migration/2
   22 ?        00:00:00 ksoftirqd/2
   24 ?        00:00:00 kworker/2:0H
   25 ?        00:00:00 cpuhp/3
   26 ?        00:00:00 watchdog/3
   27 ?        00:00:00 migration/3
   28 ?        00:00:00 ksoftirqd/3
   30 ?        00:00:00 kworker/3:0H
   31 ?        00:00:00 kdevtmpfs
   32 ?        00:00:00 netns
   33 ?        00:00:00 khungtaskd
   34 ?        00:00:00 oom_reaper
   35 ?        00:00:00 writeback
   36 ?        00:00:00 kcompactd0
   37 ?        00:00:00 ksmd
   38 ?        00:00:00 khugepaged
   39 ?        00:00:00 crypto
   40 ?        00:00:00 kintegrityd
   41 ?        00:00:00 bioset
   42 ?        00:00:00 kblockd
   43 ?        00:00:00 ata_sff
   44 ?        00:00:00 md
   45 ?        00:00:00 devfreq_wq
   46 ?        00:00:00 watchdogd
   52 ?        00:00:00 kauditd
   53 ?        00:00:00 kswapd0
   54 ?        00:00:00 vmstat
   55 ?        00:00:00 bioset
   56 ?        00:00:00 ecryptfs-kthrea
   96 ?        00:00:00 kthrotld
   97 ?        00:00:00 acpi_thermal_pm
   98 ?        00:00:00 bioset
   99 ?        00:00:00 bioset
  100 ?        00:00:00 bioset
  101 ?        00:00:00 bioset
  102 ?        00:00:00 bioset
  103 ?        00:00:00 bioset
  104 ?        00:00:00 bioset
  105 ?        00:00:00 bioset
  106 ?        00:00:00 scsi_eh_0
  107 ?        00:00:00 scsi_tmf_0
  108 ?        00:00:00 scsi_eh_1
  109 ?        00:00:00 scsi_tmf_1
  111 ?        00:00:00 scsi_eh_2
  112 ?        00:00:00 scsi_tmf_2
  113 ?        00:00:00 scsi_eh_3
  114 ?        00:00:00 scsi_tmf_3
  122 ?        00:00:00 ipv6_addrconf
  143 ?        00:00:00 charger_manager
  151 ?        00:00:00 bioset
  152 ?        00:00:00 bioset
  153 ?        00:00:00 bioset
  154 ?        00:00:00 kworker/1:1H
  155 ?        00:00:00 kworker/0:1H
  156 ?        00:00:00 kworker/3:1H
  205 ?        00:00:00 bioset
  206 ?        00:00:00 bioset
  207 ?        00:00:00 bioset
  208 ?        00:00:00 bioset
  210 ?        00:00:00 bioset
  211 ?        00:00:00 bioset
  213 ?        00:00:00 bioset
  214 ?        00:00:00 bioset
  217 ?        00:00:00 scsi_eh_4
  218 ?        00:00:00 scsi_tmf_4
  219 ?        00:00:00 scsi_eh_5
  220 ?        00:00:00 scsi_tmf_5
  224 ?        00:00:00 firewire
  225 ?        00:00:00 scsi_eh_6
  226 ?        00:00:00 scsi_tmf_6
  227 ?        00:00:00 scsi_eh_7
  228 ?        00:00:00 scsi_tmf_7
  229 ?        00:00:00 firewire_ohci
  233 ?        00:00:00 kworker/2:1H
  238 ?        00:00:00 scsi_eh_8
  239 ?        00:00:00 scsi_tmf_8
  240 ?        00:00:00 usb-storage
  246 ?        00:00:00 bioset
  328 ?        00:00:00 bioset
  357 ?        00:00:00 jbd2/sdb3-8
  358 ?        00:00:00 ext4-rsv-conver
  395 ?        00:00:00 systemd-journal
  415 ?        00:00:00 lvmetad
  427 ?        00:00:00 systemd-udevd
  748 ?        00:00:00 nvidia-modeset
  768 ?        00:00:00 UVM global queu
  769 ?        00:00:00 UVM Tools Event
  808 ?        00:00:00 jbd2/sdb2-8
  809 ?        00:00:00 ext4-rsv-conver
  968 ?        00:00:00 systemd-logind
  972 ?        00:00:00 ModemManager
  982 ?        00:00:00 rsyslogd
  984 ?        00:00:00 cgmanager
  997 ?        00:00:00 cron
 1001 ?        00:00:00 cupsd
 1005 ?        00:00:00 acpid
 1008 ?        00:00:00 dbus-daemon
 1023 ?        00:00:00 iprt-VBoxWQueue
 1069 ?        00:00:00 cups-browsed
 1071 ?        00:00:00 accounts-daemon
 1073 ?        00:00:00 NetworkManager
 1154 ?        00:00:00 lightdm
 1177 ?        00:00:00 polkitd
 1224 tty7     00:02:55 Xorg
 1262 ?        00:00:00 irqbalance
 1281 ?        00:00:00 colord
 1324 ?        00:00:00 dbus
 1337 ?        00:00:32 irq/29-nvidia
 1338 ?        00:00:00 nvidia
 1351 ?        00:00:00 nvidia-persiste
 1352 ?        00:00:00 dhclient
 1366 ?        00:00:00 dnsmasq
 1532 ?        00:00:00 avahi-daemon
 1533 ?        00:00:00 avahi-daemon
 1655 ?        00:00:00 upowerd
 1708 tty1     00:00:00 agetty
 1720 ?        00:00:00 lightdm
 1733 ?        00:00:00 ntpd
 1788 ?        00:00:00 systemd
 1789 ?        00:00:00 (sd-pam)
 1794 ?        00:00:01 gnome-keyring-d
 1796 ?        00:00:00 cinnamon-sessio
 1851 ?        00:00:00 ssh-agent
 1854 ?        00:00:00 dbus-launch
 1855 ?        00:00:00 dbus-daemon
 1878 ?        00:00:00 at-spi-bus-laun
 1883 ?        00:00:00 dbus-daemon
 1885 ?        00:00:01 at-spi2-registr
 1929 ?        00:00:00 csd-clipboard
 1930 ?        00:00:00 csd-background
 1931 ?        00:00:00 csd-sound
 1937 ?        00:00:00 csd-housekeepin
 1940 ?        00:00:00 csd-wacom
 1944 ?        00:00:00 csd-mouse
 1949 ?        00:00:00 csd-a11y-settin
 1953 ?        00:00:00 csd-print-notif
 1955 ?        00:00:00 csd-xrandr
 1961 ?        00:00:00 csd-a11y-keyboa
 1963 ?        00:00:00 csd-power
 1967 ?        00:00:00 csd-orientation
 1968 ?        00:00:00 csd-color
 1969 ?        00:00:00 csd-xsettings
 1970 ?        00:00:00 csd-cursor
 1971 ?        00:00:00 csd-automount
 1974 ?        00:00:01 csd-keyboard
 1994 ?        00:00:00 gvfsd
 2001 ?        00:00:00 gvfsd-fuse
 2009 ?        00:00:00 csd-media-keys
 2012 ?        00:00:00 csd-screensaver
 2026 ?        00:00:00 dconf-service
 2037 ?        00:00:00 gvfs-udisks2-vo
 2040 ?        00:00:01 udisksd
 2062 ?        00:00:00 csd-printer
 2073 ?        00:00:00 gvfs-goa-volume
 2083 ?        00:00:00 goa-daemon
 2086 ?        00:01:12 pulseaudio
 2087 ?        00:00:00 rtkit-daemon
 2180 ?        00:00:00 goa-identity-se
 2183 ?        00:00:00 gvfs-gphoto2-vo
 2192 ?        00:00:00 gvfs-afc-volume
 2198 ?        00:00:00 gvfs-mtp-volume
 2233 ?        00:00:00 cinnamon-launch
 2234 ?        00:06:27 cinnamon
 2258 ?        00:00:00 polkit-gnome-au
 2265 ?        00:00:00 blueberry-obex-
 2268 ?        00:00:00 nemo-desktop
 2269 ?        00:00:00 nm-applet
 2276 ?        00:00:00 cinnamon-killer
 2279 ?        00:00:08 jetbrains-toolb
 2297 ?        00:00:01 jetbrains-toolb
 2314 ?        00:00:00 obexd
 2316 ?        00:00:02 cinnamon-screen
 2320 ?        00:00:00 gvfsd-metadata
 2346 ?        00:00:00 gvfsd-trash
 2369 ?        00:00:01 jetbrains-toolb
 2415 ?        00:00:00 mintupdate-laun
 2422 ?        00:00:00 sh
 2423 ?        00:00:00 mintUpdate
 2425 ?        00:00:00 jetbrains-toolb
 2443 ?        00:00:00 jetbrains-toolb
 2484 ?        00:00:02 jetbrains-toolb
 2518 ?        00:00:00 applet.py
 2545 ?        00:00:00 scp-dbus-servic
 2597 ?        00:00:16 gnome-terminal-
 2601 pts/0    00:00:00 bash
 2645 ?        00:00:00 gconfd-2
 2650 ?        00:00:03 VBoxXPCOMIPCD
 2655 ?        00:00:07 VBoxSVC
 2660 ?        00:05:25 chrome
 2666 ?        00:00:00 cat
 2667 ?        00:00:00 cat
 2706 ?        00:00:00 chrome
 2712 ?        00:00:00 nacl_helper
 2721 ?        00:00:00 chrome
 2791 ?        00:05:34 chrome
 2796 ?        00:00:00 chrome
 2857 ?        00:00:03 chrome
 2859 ?        00:00:05 chrome
 2878 ?        00:00:00 chrome
 2886 ?        00:00:01 chrome
 2894 ?        00:00:44 chrome
 2895 ?        00:00:00 chrome
 2903 ?        00:00:01 chrome
 2959 ?        00:01:18 chrome
 3003 ?        00:00:12 chrome
 3015 ?        00:02:26 chrome
 3031 ?        00:00:42 chrome
 3034 ?        00:00:06 chrome
 3056 ?        00:13:29 chrome
 3133 ?        00:05:33 VirtualBox
 3164 ?        00:00:00 VBoxNetDHCP
 3278 ?        00:00:19 nemo
 3524 ?        00:00:00 dbus-launch
 3526 ?        00:00:00 dbus-daemon
 4131 ?        00:00:04 chrome
 4389 ?        00:00:00 console-kit-dae
 4639 pts/2    00:00:00 bash
 4872 ?        00:00:01 cinnamon-settin
 4889 ?        00:00:00 cinnamon-settin <defunct>
 4894 ?        00:00:00 cinnamon-settin <defunct>
 4899 ?        00:00:00 cinnamon-settin <defunct>
 5547 ?        00:00:06 chrome
 6067 ?        00:00:00 telegram
 6161 ?        00:00:00 dconf-service
 6208 pts/0    00:00:00 su
 6216 pts/0    00:00:00 bash
 6403 pts/0    00:00:00 su
 6411 pts/0    00:00:00 bash
 6483 ?        00:01:11 telegram
 6508 ?        00:00:02 file-roller
 6742 ?        00:00:09 xed
 7219 ?        00:00:02 chrome
 7530 ?        00:01:36 chrome
 7568 ?        00:00:00 kworker/0:0
 7569 ?        00:00:00 chrome
 7583 ?        00:00:00 chrome
 7597 ?        00:00:01 chrome
 7638 ?        00:00:00 chrome
 7858 ?        00:00:03 nemo
 8061 pts/0    00:00:00 git
 8062 pts/0    00:00:00 git-remote-http
 9251 ?        00:00:05 chrome
 9851 ?        00:00:00 kworker/2:0
10021 ?        00:00:00 kworker/0:1
10033 pts/1    00:00:00 bash
10379 ?        00:00:00 kworker/1:0
10444 ?        00:00:00 kworker/2:2
10493 ?        00:00:00 kworker/3:1
10567 ?        00:00:00 kworker/u8:1
10678 ?        00:00:00 kworker/3:2
10757 pts/0    00:00:00 sudo
10758 pts/0    00:00:00 script
10759 pts/3    00:00:00 bash
10775 pts/3    00:00:00 su
10783 pts/3    00:00:00 bash
10830 ?        00:00:00 kworker/u8:0
10923 ?        00:00:00 kworker/1:2
10935 ?        00:00:00 kworker/u8:2
10964 ?        00:00:04 chrome
10981 ?        00:00:00 kworker/0:2
10982 ?        00:00:00 kworker/0:3
11002 ?        00:00:00 chrome
11016 ?        00:00:00 kworker/3:0
11040 pts/3    00:00:00 su
11048 pts/3    00:00:00 bash
11068 pts/3    00:00:00 sudo
11069 pts/3    00:00:00 ps
